<?xml version="1.0" encoding="UTF-8"?>
<testsuite name="project.CommonConfigurationTests" tests="2" skipped="0" failures="0" errors="0" timestamp="2021-09-27T19:44:36" hostname="MSI" time="0.071">
  <properties/>
  <testcase name="testLoad()" classname="project.CommonConfigurationTests" time="0.056"/>
  <testcase name="testInvalidFilePath()" classname="project.CommonConfigurationTests" time="0.007"/>
  <system-out><![CDATA[]]></system-out>
  <system-err><![CDATA[]]></system-err>
</testsuite>
