<?xml version="1.0" encoding="UTF-8"?>
<testsuite name="helloworld.HelloWorldTest" tests="1" skipped="0" failures="0" errors="0" timestamp="2021-09-16T17:01:46" hostname="MSI" time="0.019">
  <properties/>
  <testcase name="testGetFive()" classname="helloworld.HelloWorldTest" time="0.019"/>
  <system-out><![CDATA[]]></system-out>
  <system-err><![CDATA[]]></system-err>
</testsuite>
